Temp/gradleOut/unityLibrary/build/outputs/logs/manifest-merger-release-report.txt
-- Merging decision tree log ---
manifest
ADDED from src/main/AndroidManifest.xml:2:1-34:12
INJECTED from src/main/AndroidManifest.xml:2:1-34:12
INJECTED from src/main/AndroidManifest.xml:2:1-34:12
INJECTED from src/main/AndroidManifest.xml:2:1-34:12
INJECTED from src/main/AndroidManifest.xml:2:1-34:12
INJECTED from src/main/AndroidManifest.xml:2:1-34:12
INJECTED from src/main/AndroidManifest.xml:2:1-34:12
	package
		ADDED from src/main/AndroidManifest.xml:2:101-129
		INJECTED from src/main/AndroidManifest.xml
		INJECTED from src/main/AndroidManifest.xml
	android:versionName
		INJECTED from src/main/AndroidManifest.xml
		ADDED from src/main/AndroidManifest.xml:2:1-34:12
		INJECTED from src/main/AndroidManifest.xml
	android:versionCode
		INJECTED from src/main/AndroidManifest.xml
		ADDED from src/main/AndroidManifest.xml:2:1-34:12
		INJECTED from src/main/AndroidManifest.xml
	xmlns:android
		ADDED from src/main/AndroidManifest.xml:2:11-69
	android:installLocation
		ADDED from src/main/AndroidManifest.xml:2:70-100
application
ADDED from src/main/AndroidManifest.xml:3:3-22:17
	android:label
		ADDED from src/main/AndroidManifest.xml:3:16-48
	android:icon
		ADDED from src/main/AndroidManifest.xml:3:49-80
	android:allowBackup
		ADDED from src/main/AndroidManifest.xml:3:81-108
	android:networkSecurityConfig
		ADDED from src/main/AndroidManifest.xml:3:109-164
activity#com.unity3d.player.UnityPlayerActivity
ADDED from src/main/AndroidManifest.xml:4:5-12:16
	android:screenOrientation
		ADDED from src/main/AndroidManifest.xml:4:168-205
	android:excludeFromRecents
		ADDED from src/main/AndroidManifest.xml:4:134-167
	android:launchMode
		ADDED from src/main/AndroidManifest.xml:4:206-237
	android:hardwareAccelerated
		ADDED from src/main/AndroidManifest.xml:4:375-410
	android:resizeableActivity
		ADDED from src/main/AndroidManifest.xml:4:340-374
	android:configChanges
		ADDED from src/main/AndroidManifest.xml:4:238-339
	android:theme
		ADDED from src/main/AndroidManifest.xml:4:15-79
	android:name
		ADDED from src/main/AndroidManifest.xml:4:80-133
intent-filter#action:name:android.intent.action.MAIN+category:name:android.intent.category.LAUNCHER+category:name:com.oculus.intent.category.VR
ADDED from src/main/AndroidManifest.xml:5:7-9:23
action#android.intent.action.MAIN
ADDED from src/main/AndroidManifest.xml:6:9-61
	android:name
		ADDED from src/main/AndroidManifest.xml:6:17-58
category#android.intent.category.LAUNCHER
ADDED from src/main/AndroidManifest.xml:7:9-69
	android:name
		ADDED from src/main/AndroidManifest.xml:7:19-66
category#com.oculus.intent.category.VR
ADDED from src/main/AndroidManifest.xml:8:9-66
	android:name
		ADDED from src/main/AndroidManifest.xml:8:19-63
meta-data#android.notch_support
ADDED from src/main/AndroidManifest.xml:10:7-78
	android:value
		ADDED from src/main/AndroidManifest.xml:10:55-75
	android:name
		ADDED from src/main/AndroidManifest.xml:10:18-54
meta-data#com.oculus.vr.focusaware
ADDED from src/main/AndroidManifest.xml:11:7-81
	android:value
		ADDED from src/main/AndroidManifest.xml:11:58-78
	android:name
		ADDED from src/main/AndroidManifest.xml:11:18-57
meta-data#unityplayer.SkipPermissionsDialog
ADDED from src/main/AndroidManifest.xml:13:5-89
	android:value
		ADDED from src/main/AndroidManifest.xml:13:65-86
	android:name
		ADDED from src/main/AndroidManifest.xml:13:16-64
meta-data#com.samsung.android.vr.application.mode
ADDED from src/main/AndroidManifest.xml:14:5-97
	android:value
		ADDED from src/main/AndroidManifest.xml:14:71-94
	android:name
		ADDED from src/main/AndroidManifest.xml:14:16-70
meta-data#unity.splash-mode
ADDED from src/main/AndroidManifest.xml:15:5-69
	android:value
		ADDED from src/main/AndroidManifest.xml:15:49-66
	android:name
		ADDED from src/main/AndroidManifest.xml:15:16-48
meta-data#unity.splash-enable
ADDED from src/main/AndroidManifest.xml:16:5-74
	android:value
		ADDED from src/main/AndroidManifest.xml:16:51-71
	android:name
		ADDED from src/main/AndroidManifest.xml:16:16-50
meta-data#unity.allow-resizable-window
ADDED from src/main/AndroidManifest.xml:17:5-84
	android:value
		ADDED from src/main/AndroidManifest.xml:17:60-81
	android:name
		ADDED from src/main/AndroidManifest.xml:17:16-59
meta-data#notch.config
ADDED from src/main/AndroidManifest.xml:18:5-81
	android:value
		ADDED from src/main/AndroidManifest.xml:18:44-78
	android:name
		ADDED from src/main/AndroidManifest.xml:18:16-43
meta-data#unity.build-id
ADDED from src/main/AndroidManifest.xml:19:5-101
	android:value
		ADDED from src/main/AndroidManifest.xml:19:46-98
	android:name
		ADDED from src/main/AndroidManifest.xml:19:16-45
meta-data#com.unity.xr.oculus.LowOverheadMode
ADDED from src/main/AndroidManifest.xml:20:5-91
	android:value
		ADDED from src/main/AndroidManifest.xml:20:67-88
	android:name
		ADDED from src/main/AndroidManifest.xml:20:16-66
meta-data#com.oculus.supportedDevices
ADDED from src/main/AndroidManifest.xml:21:5-90
	android:value
		ADDED from src/main/AndroidManifest.xml:21:59-87
	android:name
		ADDED from src/main/AndroidManifest.xml:21:16-58
uses-permission#android.permission.READ_EXTERNAL_STORAGE
ADDED from src/main/AndroidManifest.xml:23:3-78
	android:name
		ADDED from src/main/AndroidManifest.xml:23:20-75
uses-permission#android.permission.WRITE_EXTERNAL_STORAGE
ADDED from src/main/AndroidManifest.xml:24:3-79
	android:name
		ADDED from src/main/AndroidManifest.xml:24:20-76
uses-feature#android.hardware.vr.headtracking
ADDED from src/main/AndroidManifest.xml:25:3-111
	android:version
		ADDED from src/main/AndroidManifest.xml:25:65-84
	android:required
		ADDED from src/main/AndroidManifest.xml:25:85-108
	android:name
		ADDED from src/main/AndroidManifest.xml:25:17-64
uses-feature#0x00030000
ADDED from src/main/AndroidManifest.xml:26:3-52
	android:glEsVersion
		ADDED from src/main/AndroidManifest.xml:26:17-49
uses-permission#android.permission.INTERNET
ADDED from src/main/AndroidManifest.xml:27:3-65
	android:name
		ADDED from src/main/AndroidManifest.xml:27:20-62
uses-permission#android.permission.RECORD_AUDIO
ADDED from src/main/AndroidManifest.xml:28:3-69
	android:name
		ADDED from src/main/AndroidManifest.xml:28:20-66
uses-permission#android.permission.MODIFY_AUDIO_SETTINGS
ADDED from src/main/AndroidManifest.xml:29:3-78
	android:name
		ADDED from src/main/AndroidManifest.xml:29:20-75
uses-feature#android.hardware.microphone
ADDED from src/main/AndroidManifest.xml:30:3-87
	android:required
		ADDED from src/main/AndroidManifest.xml:30:60-84
	android:name
		ADDED from src/main/AndroidManifest.xml:30:17-59
uses-feature#android.hardware.touchscreen
ADDED from src/main/AndroidManifest.xml:31:3-88
	android:required
		ADDED from src/main/AndroidManifest.xml:31:61-85
	android:name
		ADDED from src/main/AndroidManifest.xml:31:17-60
uses-feature#android.hardware.touchscreen.multitouch
ADDED from src/main/AndroidManifest.xml:32:3-99
	android:required
		ADDED from src/main/AndroidManifest.xml:32:72-96
	android:name
		ADDED from src/main/AndroidManifest.xml:32:17-71
uses-feature#android.hardware.touchscreen.multitouch.distinct
ADDED from src/main/AndroidManifest.xml:33:3-108
	android:required
		ADDED from src/main/AndroidManifest.xml:33:81-105
	android:name
		ADDED from src/main/AndroidManifest.xml:33:17-80
uses-sdk
INJECTED from src/main/AndroidManifest.xml reason: use-sdk injection requested
INJECTED from src/main/AndroidManifest.xml
INJECTED from src/main/AndroidManifest.xml
INJECTED from src/main/AndroidManifest.xml
INJECTED from src/main/AndroidManifest.xml
	android:targetSdkVersion
		INJECTED from src/main/AndroidManifest.xml
		ADDED from src/main/AndroidManifest.xml
		INJECTED from src/main/AndroidManifest.xml
	android:minSdkVersion
		INJECTED from src/main/AndroidManifest.xml
		ADDED from src/main/AndroidManifest.xml
		INJECTED from src/main/AndroidManifest.xml